<?xml version="1.0" encoding="UTF-8"?>
<testng-results ignored="0" total="1" passed="1" failed="0" skipped="0">
  <reporter-output>
  </reporter-output>
  <suite started-at="2026-02-19T07:33:57 IST" name="Default suite" finished-at="2026-02-19T07:34:50 IST" duration-ms="52866">
    <groups>
    </groups>
    <test started-at="2026-02-19T07:33:57 IST" name="Default test" finished-at="2026-02-19T07:34:50 IST" duration-ms="52866">
      <class name="tests.RegisterAndLoginTest">
        <test-method is-config="true" signature="setup()[pri:0, instance:tests.RegisterAndLoginTest@689604d9]" started-at="2026-02-19T07:33:58 IST" name="setup" finished-at="2026-02-19T07:34:13 IST" duration-ms="15970" status="PASS">
          <reporter-output>
          </reporter-output>
        </test-method> <!-- setup -->
        <test-method signature="registerAndLogin()[pri:0, instance:tests.RegisterAndLoginTest@689604d9]" started-at="2026-02-19T07:34:13 IST" name="registerAndLogin" finished-at="2026-02-19T07:34:50 IST" duration-ms="36841" status="PASS">
          <reporter-output>
          </reporter-output>
        </test-method> <!-- registerAndLogin -->
      </class> <!-- tests.RegisterAndLoginTest -->
    </test> <!-- Default test -->
  </suite> <!-- Default suite -->
</testng-results>
